<?xml version="1.0" encoding="UTF-8"?>
<!-- Generated by org.testng.reporters.JUnitReportReporter -->
<testsuite hostname="DESKTOP-V66KKRC" failures="0" tests="1" name="NotMemberYet" time="10.827" errors="0" timestamp="2023-04-28T10:55:52 BDT" skipped="0">
  <testcase classname="NotMemberYet" name="test_notMember" time="10.827"/>
  <system-out/>
</testsuite> <!-- NotMemberYet -->
