<?xml version="1.0" encoding="UTF-8"?>
<!-- Generated by org.testng.reporters.JUnitReportReporter -->
<testsuite hostname="DESKTOP-V66KKRC" failures="0" tests="1" name="Passwordreset" time="38.240" errors="0" timestamp="2023-04-28T10:58:15 BDT" skipped="0">
  <testcase classname="Passwordreset" name="test_forgetPass" time="38.240"/>
  <system-out/>
</testsuite> <!-- Passwordreset -->
